<?xml version="1.0" encoding="UTF-8"?>
<!-- Generated by org.testng.reporters.JUnitXMLReporter -->
<testsuite ignored="3" hostname="PNF1-ENT-C-120" failures="0" tests="1" name="Default test" time="0.035" errors="0" timestamp="09 Jun 2021 05:30:41 GMT">
  <testcase classname="com.tricentis.automation.driver.Driver" name="@BeforeClass initialize" time="0.0">
    <failure type="org.testng.TestNGException" message="
Parameter &amp;apos;browser&amp;apos; is required by BeforeClass on method initialize but has not been marked @Optional or defined
in C:\Users\c00423\AppData\Local\Temp\testng-eclipse-328838304\testng-customsuite.xml">
      <![CDATA[org.testng.TestNGException: Parameter 'browser' is required by BeforeClass on method initialize but has not been marked @Optional or definedin C:\Users\c00423\AppData\Local\Temp\testng-eclipse-328838304\testng-customsuite.xmlat org.testng.internal.Parameters.createParams(Parameters.java:290)at org.testng.internal.Parameters.createParametersForMethod(Parameters.java:359)at org.testng.internal.Parameters.createParameters(Parameters.java:620)at org.testng.internal.Parameters.createConfigurationParameters(Parameters.java:190)at org.testng.internal.Invoker.invokeConfigurations(Invoker.java:209)at org.testng.internal.Invoker.invokeConfigurations(Invoker.java:142)at org.testng.internal.TestMethodWorker.invokeBeforeClassMethods(TestMethodWorker.java:163)at org.testng.internal.TestMethodWorker.run(TestMethodWorker.java:105)at org.testng.TestRunner.privateRun(TestRunner.java:648)at org.testng.TestRunner.run(TestRunner.java:505)at org.testng.SuiteRunner.runTest(SuiteRunner.java:455)at org.testng.SuiteRunner.runSequentially(SuiteRunner.java:450)at org.testng.SuiteRunner.privateRun(SuiteRunner.java:415)at org.testng.SuiteRunner.run(SuiteRunner.java:364)at org.testng.SuiteRunnerWorker.runSuite(SuiteRunnerWorker.java:52)at org.testng.SuiteRunnerWorker.run(SuiteRunnerWorker.java:84)at org.testng.TestNG.runSuitesSequentially(TestNG.java:1187)at org.testng.TestNG.runSuitesLocally(TestNG.java:1116)at org.testng.TestNG.runSuites(TestNG.java:1028)at org.testng.TestNG.run(TestNG.java:996)at org.testng.remote.AbstractRemoteTestNG.run(AbstractRemoteTestNG.java:115)at org.testng.remote.RemoteTestNG.initAndRun(RemoteTestNG.java:251)at org.testng.remote.RemoteTestNG.main(RemoteTestNG.java:77)]]>
    </failure>
  </testcase> <!-- @BeforeClass initialize -->
  <testcase classname="com.tricentis.automation.driver.Driver" name="@AfterClass tearDown" time="0.0">
    <skipped/>
  </testcase> <!-- @AfterClass tearDown -->
  <testcase classname="com.tricentis.automation.scripts.fieldVerification.HomePageTests" name="verifyAutomationlink" time="0.0">
    <skipped/>
  </testcase> <!-- verifyAutomationlink -->
  <testcase classname="com.tricentis.automation.scripts.fieldVerification.HomePageTests" name="verifyMotorCyclelink" time="0.0">
    <ignored/>
  </testcase> <!-- verifyMotorCyclelink -->
  <testcase classname="com.tricentis.automation.scripts.fieldVerification.HomePageTests" name="verifyTrucklink" time="0.0">
    <ignored/>
  </testcase> <!-- verifyTrucklink -->
  <testcase classname="com.tricentis.automation.scripts.fieldVerification.HomePageTests" name="verifyCamperlink" time="0.0">
    <ignored/>
  </testcase> <!-- verifyCamperlink -->
</testsuite> <!-- Default test -->
