<?xml version="1.0" encoding="UTF-8"?>
<!-- Generated by org.testng.reporters.JUnitXMLReporter -->
<testsuite ignored="1" hostname="PNF1-ENT-C-120" failures="1" tests="4" name="Test" time="13.356" errors="0" timestamp="15 Jun 2021 15:20:28 GMT">
  <testcase classname="com.tricentis.automation.scripts.fieldVerification.HomePageTests" name="verifyAutomationlink" time="0.22">
    <failure type="java.lang.AssertionError" message="expected [Enter Vehicle Data] but found [Tricentis Vehicle Insurance]">
      <![CDATA[java.lang.AssertionError: expected [Enter Vehicle Data] but found [Tricentis Vehicle Insurance]at com.tricentis.automation.scripts.fieldVerification.HomePageTests.verifyAutomationlink(HomePageTests.java:25)... Removed 31 stack frames]]>
    </failure>
  </testcase> <!-- verifyAutomationlink -->
  <testcase classname="com.tricentis.automation.scripts.fieldVerification.HomePageTests" name="verifyCamperlink" time="0.002"/>
  <testcase classname="com.tricentis.automation.scripts.fieldVerification.HomePageTests" name="verifyMotorCyclelink" time="0.0"/>
  <testcase classname="com.tricentis.automation.scripts.fieldVerification.HomePageTests" name="verifyTrucklink" time="0.001"/>
  <testcase classname="com.tricentis.automation.driver.Driver" name="@BeforeSuite suiteInitializer" time="0.0">
    <ignored/>
  </testcase> <!-- @BeforeSuite suiteInitializer -->
</testsuite> <!-- Test -->
